This is pdfTeX, Version 3.14159265-2.6-1.40.16 (MiKTeX 2.9) (preloaded format=pdflatex 2015.9.13)  1 NOV 2015 18:04
entering extended mode
**MidtermReport.tex
(MidtermReport.tex
LaTeX2e <2015/01/01> patch level 2
Babel <3.9m> and hyphenation patterns for 69 languages loaded.
(acm_proc_article-sp.cls
("F:\Programs (x86)\MiKTeX 2.9\tex\latex\graphics\epsfig.sty"
Package: epsfig 1999/02/16 v1.7a (e)psfig emulation (SPQR)

("F:\Programs (x86)\MiKTeX 2.9\tex\latex\graphics\graphicx.sty"
Package: graphicx 2014/10/28 v1.0g Enhanced LaTeX Graphics (DPC,SPQR)

("F:\Programs (x86)\MiKTeX 2.9\tex\latex\graphics\keyval.sty"
Package: keyval 2014/10/28 v1.15 key=value parser (DPC)
\KV@toks@=\toks14
)
("F:\Programs (x86)\MiKTeX 2.9\tex\latex\graphics\graphics.sty"
Package: graphics 2014/10/28 v1.0p Standard LaTeX Graphics (DPC,SPQR)

("F:\Programs (x86)\MiKTeX 2.9\tex\latex\graphics\trig.sty"
Package: trig 1999/03/16 v1.09 sin cos tan (DPC)
)
("F:\Programs (x86)\MiKTeX 2.9\tex\latex\00miktex\graphics.cfg"
File: graphics.cfg 2007/01/18 v1.5 graphics configuration of teTeX/TeXLive
)
Package graphics Info: Driver file: pdftex.def on input line 94.

("F:\Programs (x86)\MiKTeX 2.9\tex\latex\pdftex-def\pdftex.def"
File: pdftex.def 2011/05/27 v0.06d Graphics/color for pdfTeX

("F:\Programs (x86)\MiKTeX 2.9\tex\generic\oberdiek\infwarerr.sty"
Package: infwarerr 2010/04/08 v1.3 Providing info/warning/error messages (HO)
)
("F:\Programs (x86)\MiKTeX 2.9\tex\generic\oberdiek\ltxcmds.sty"
Package: ltxcmds 2011/11/09 v1.22 LaTeX kernel commands for general use (HO)
)
\Gread@gobject=\count79
))
\Gin@req@height=\dimen102
\Gin@req@width=\dimen103
)
\epsfxsize=\dimen104
\epsfysize=\dimen105
)
("F:\Programs (x86)\MiKTeX 2.9\tex\latex\amsfonts\amssymb.sty"
Package: amssymb 2013/01/14 v3.01 AMS font symbols

("F:\Programs (x86)\MiKTeX 2.9\tex\latex\amsfonts\amsfonts.sty"
Package: amsfonts 2013/01/14 v3.01 Basic AMSFonts support
\@emptytoks=\toks15
\symAMSa=\mathgroup4
\symAMSb=\mathgroup5
LaTeX Font Info:    Overwriting math alphabet `\mathfrak' in version `bold'
(Font)                  U/euf/m/n --> U/euf/b/n on input line 106.
))
("F:\Programs (x86)\MiKTeX 2.9\tex\latex\amsmath\amsmath.sty"
Package: amsmath 2013/01/14 v2.14 AMS math features
\@mathmargin=\skip41

For additional information on amsmath, use the `?' option.
("F:\Programs (x86)\MiKTeX 2.9\tex\latex\amsmath\amstext.sty"
Package: amstext 2000/06/29 v2.01

("F:\Programs (x86)\MiKTeX 2.9\tex\latex\amsmath\amsgen.sty"
File: amsgen.sty 1999/11/30 v2.0
\@emptytoks=\toks16
\ex@=\dimen106
))
("F:\Programs (x86)\MiKTeX 2.9\tex\latex\amsmath\amsbsy.sty"
Package: amsbsy 1999/11/29 v1.2d
\pmbraise@=\dimen107
)
("F:\Programs (x86)\MiKTeX 2.9\tex\latex\amsmath\amsopn.sty"
Package: amsopn 1999/12/14 v2.01 operator names
)
\inf@bad=\count80
LaTeX Info: Redefining \frac on input line 210.
\uproot@=\count81
\leftroot@=\count82
LaTeX Info: Redefining \overline on input line 306.
\classnum@=\count83
\DOTSCASE@=\count84
LaTeX Info: Redefining \ldots on input line 378.
LaTeX Info: Redefining \dots on input line 381.
LaTeX Info: Redefining \cdots on input line 466.
\Mathstrutbox@=\box26
\strutbox@=\box27
\big@size=\dimen108
LaTeX Font Info:    Redeclaring font encoding OML on input line 566.
LaTeX Font Info:    Redeclaring font encoding OMS on input line 567.
\macc@depth=\count85
\c@MaxMatrixCols=\count86
\dotsspace@=\muskip10
\c@parentequation=\count87
\dspbrk@lvl=\count88
\tag@help=\toks17
\row@=\count89
\column@=\count90
\maxfields@=\count91
\andhelp@=\toks18
\eqnshift@=\dimen109
\alignsep@=\dimen110
\tagshift@=\dimen111
\tagwidth@=\dimen112
\totwidth@=\dimen113
\lineht@=\dimen114
\@envbody=\toks19
\multlinegap=\skip42
\multlinetaggap=\skip43
\mathdisplay@stack=\toks20
LaTeX Info: Redefining \[ on input line 2665.
LaTeX Info: Redefining \] on input line 2666.
)
Document Class 'acm_proc_article-sp' <22nd. April '09>. Modified by G.K.M. Tobi
n
Based in part upon document Style `acmconf' <22 May 89>. Hacked 4/91 by
shivers@cs.cmu.edu, 4/93 by theobald@cs.mcgill.ca
Excerpts were taken from (Journal Style) 'esub2acm.cls'.
****** Bugs/comments/suggestions to Gerry Murray -- murray@hq.acm.org ******
\footheight=\dimen115
\@maxsep=\dimen116
\@dblmaxsep=\dimen117
\aucount=\count92
\originalaucount=\count93
\auwidth=\dimen118
\auskip=\dimen119
\auskipcount=\count94
\auskip=\dimen120
\allauboxes=\dimen121
\addauthors=\toks21
\addauflag=\count95
\subtitletext=\toks22
\savesection=\count96
\sectioncntr=\count97
\c@figure=\count98
\c@table=\count99
\titleboxnotes=\toks23
\titleboxnoteflag=\count100
Document Class: acm_proc_article-sp 2009/04/22 - V3.2SP - based on esub2acm.sty
 <23 April 96>
("F:\Programs (x86)\MiKTeX 2.9\tex\latex\base\latexsym.sty"
Package: latexsym 1998/08/17 v2.2e Standard LaTeX package (lasy symbols)
\symlasy=\mathgroup6
LaTeX Font Info:    Overwriting symbol font `lasy' in version `bold'
(Font)                  U/lasy/m/n --> U/lasy/b/n on input line 52.
)
\@acmtitlebox=\box28
\titlenotecount=\count101
\tntoks=\toks24
\tntokstwo=\toks25
\tntoksthree=\toks26
\tntoksfour=\toks27
\tntoksfive=\toks28
\catcount=\count102
\copyrightnotice=\toks29
\conf=\toks30
\confinfo=\toks31
\c@part=\count103
\c@section=\count104
\c@subsection=\count105
\c@subsubsection=\count106
\c@paragraph=\count107

Using 'Abbrev' bibliography style
LaTeX Info: Redefining \cite on input line 1236.
\bibindent=\dimen122
\colcntr=\count108
\saveb@x=\box29
\copyrtyr=\toks32
\acmcopyr=\toks33
\boilerplate=\toks34
\copyrightetc=\toks35
("F:\Programs (x86)\MiKTeX 2.9\tex\latex\base\fontenc.sty"
Package: fontenc 2005/09/27 v1.99g Standard LaTeX package

("F:\Programs (x86)\MiKTeX 2.9\tex\latex\base\t1enc.def"
File: t1enc.def 2005/09/27 v1.99g Standard LaTeX file
LaTeX Font Info:    Redeclaring font encoding T1 on input line 48.
)
LaTeX Font Info:    Try loading font information for T1+aer on input line 105.

("F:\Programs (x86)\MiKTeX 2.9\tex\latex\ae\t1aer.fd"
File: t1aer.fd 1997/11/16 Font definitions for T1/aer.
)))
("F:\Programs (x86)\MiKTeX 2.9\tex\latex\oberdiek\epstopdf.sty"
Package: epstopdf 2010/02/09 v2.5 Conversion with epstopdf on the fly (HO)

("F:\Programs (x86)\MiKTeX 2.9\tex\latex\oberdiek\epstopdf-base.sty"
Package: epstopdf-base 2010/02/09 v2.5 Base part for package epstopdf

("F:\Programs (x86)\MiKTeX 2.9\tex\latex\oberdiek\grfext.sty"
Package: grfext 2010/08/19 v1.1 Manage graphics extensions (HO)

("F:\Programs (x86)\MiKTeX 2.9\tex\generic\oberdiek\kvdefinekeys.sty"
Package: kvdefinekeys 2011/04/07 v1.3 Define keys (HO)
))
("F:\Programs (x86)\MiKTeX 2.9\tex\latex\oberdiek\kvoptions.sty"
Package: kvoptions 2011/06/30 v3.11 Key value format for package options (HO)

("F:\Programs (x86)\MiKTeX 2.9\tex\generic\oberdiek\kvsetkeys.sty"
Package: kvsetkeys 2012/04/25 v1.16 Key value parser (HO)

("F:\Programs (x86)\MiKTeX 2.9\tex\generic\oberdiek\etexcmds.sty"
Package: etexcmds 2011/02/16 v1.5 Avoid name clashes with e-TeX commands (HO)

("F:\Programs (x86)\MiKTeX 2.9\tex\generic\oberdiek\ifluatex.sty"
Package: ifluatex 2010/03/01 v1.3 Provides the ifluatex switch (HO)
Package ifluatex Info: LuaTeX not detected.
)
Package etexcmds Info: Could not find \expanded.
(etexcmds)             That can mean that you are not using pdfTeX 1.50 or
(etexcmds)             that some package has redefined \expanded.
(etexcmds)             In the latter case, load this package earlier.
)))
("F:\Programs (x86)\MiKTeX 2.9\tex\generic\oberdiek\pdftexcmds.sty"
Package: pdftexcmds 2011/11/29 v0.20 Utility functions of pdfTeX for LuaTeX (HO
)

("F:\Programs (x86)\MiKTeX 2.9\tex\generic\oberdiek\ifpdf.sty"
Package: ifpdf 2011/01/30 v2.3 Provides the ifpdf switch (HO)
Package ifpdf Info: pdfTeX in PDF mode is detected.
)
Package pdftexcmds Info: LuaTeX not detected.
Package pdftexcmds Info: \pdf@primitive is available.
Package pdftexcmds Info: \pdf@ifprimitive is available.
Package pdftexcmds Info: \pdfdraftmode found.
)
Package grfext Info: Graphics extension search list:
(grfext)             [.png,.pdf,.jpg,.mps,.jpeg,.jbig2,.jb2,.PNG,.PDF,.JPG,.JPE
G,.JBIG2,.JB2,.eps]
(grfext)             \AppendGraphicsExtensions on input line 452.
))
(C:\Users\Jonathan\AppData\Roaming\MiKTeX\2.9\tex\latex\auto-pst-pdf\auto-pst-p
df.sty
Package: auto-pst-pdf 2009/04/26 v0.6 Wrapper for pst-pdf
 ("F:\Programs (x86)\MiKTeX 2.9\tex\latex\xkeyval\xkeyval.sty"
Package: xkeyval 2014/12/03 v2.7a package option processing (HA)

("F:\Programs (x86)\MiKTeX 2.9\tex\generic\xkeyval\xkeyval.tex"
("F:\Programs (x86)\MiKTeX 2.9\tex\generic\xkeyval\xkvutils.tex"
\XKV@toks=\toks36
\XKV@tempa@toks=\toks37
)
\XKV@depth=\count109
File: xkeyval.tex 2014/12/03 v2.7a key=value parser (HA)
))
(C:\Users\Jonathan\AppData\Roaming\MiKTeX\2.9\tex\latex\ifplatform\ifplatform.s
ty
Package: ifplatform 2010/10/22 v0.4 Testing for the operating system
 ("F:\Programs (x86)\MiKTeX 2.9\tex\generic\oberdiek\catchfile.sty"
Package: catchfile 2011/03/01 v1.6 Catch the contents of a file (HO)
))
\c@app@runs=\count110
runsystem(echo " ")...executed.

runsystem(echo "-------------------------------------------------")...executed.

runsystem(echo "auto-pst-pdf: Auxiliary LaTeX compilation")...executed.

runsystem(echo "-------------------------------------------------")...executed.

runsystem(del "MidtermReport-autopp.log")...executed.

runsystem(latex -disable-write18 -jobname="MidtermReport-autopp" -interaction=b
atchmode  "\let \APPmakepictures \empty \input  MidtermReport.tex")...executed.



Package auto-pst-pdf Warning: 
    Creation of MidtermReport-autopp.dvi failed.
This warning occured on input line 124.


Package auto-pst-pdf Warning: 
    Could not create MidtermReport-pics.pdf. Auxiliary files not deleted.
This warning occured on input line 124.

runsystem(echo "-------------------------------------------------")...executed.

runsystem(echo "auto-pst-pdf: End auxiliary LaTeX compilation")...executed.

runsystem(echo "-------------------------------------------------")...executed.

(C:\Users\Jonathan\AppData\Roaming\MiKTeX\2.9\tex\latex\pst-pdf\pst-pdf.sty
Package: pst-pdf 2008/10/09 v1.1v PS graphics for pdfLaTeX (RN,HjG)
\c@pspicture=\count111
Package pst-pdf Info: MODE: 1 (pdfTeX mode) on input line 214.

("F:\Programs (x86)\MiKTeX 2.9\tex\latex\pstricks\pstricks.sty"
Package: pstricks 2013/12/12 v0.60 LaTeX wrapper for `PSTricks' (RN,HV)

("F:\Programs (x86)\MiKTeX 2.9\tex\generic\pstricks\base\pstricks.tex"
("F:\Programs (x86)\MiKTeX 2.9\tex\generic\xkeyval\pst-xkey.tex"
File: pst-xkey.tex 2005/11/25 v1.6 PSTricks specialization of xkeyval (HA)
)
("F:\Programs (x86)\MiKTeX 2.9\tex\generic\pstricks\base\pst-fp.tex"
`pst-fp' v0.05, 2010/01/17 (hv)
\pstFP@xs=\count112
\pstFP@xia=\count113
\pstFP@xib=\count114
\pstFP@xfa=\count115
\pstFP@xfb=\count116
\pstFP@rega=\count117
\pstFP@regb=\count118
\pstFP@regs=\count119
\pstFP@times=\count120
)
(C:\Users\Jonathan\AppData\Roaming\MiKTeX\2.9\tex\generic\pgf\utilities\pgfutil
-common.tex
\pgfutil@everybye=\toks38
\pgfutil@tempdima=\dimen123
\pgfutil@tempdimb=\dimen124

(C:\Users\Jonathan\AppData\Roaming\MiKTeX\2.9\tex\generic\pgf\utilities\pgfutil
-common-lists.tex))
(C:\Users\Jonathan\AppData\Roaming\MiKTeX\2.9\tex\generic\pgf\utilities\pgfkeys
.code.tex
\pgfkeys@pathtoks=\toks39
\pgfkeys@temptoks=\toks40

(C:\Users\Jonathan\AppData\Roaming\MiKTeX\2.9\tex\generic\pgf\utilities\pgfkeys
filtered.code.tex
\pgfkeys@tmptoks=\toks41
))
(C:\Users\Jonathan\AppData\Roaming\MiKTeX\2.9\tex\generic\pgf\utilities\pgffor.
code.tex
(C:\Users\Jonathan\AppData\Roaming\MiKTeX\2.9\tex\generic\pgf\math\pgfmath.code
.tex
(C:\Users\Jonathan\AppData\Roaming\MiKTeX\2.9\tex\generic\pgf\math\pgfmathcalc.
code.tex
(C:\Users\Jonathan\AppData\Roaming\MiKTeX\2.9\tex\generic\pgf\math\pgfmathutil.
code.tex
\pgf@x=\dimen125
\pgf@xa=\dimen126
\pgf@xb=\dimen127
\pgf@xc=\dimen128
\pgf@y=\dimen129
\pgf@ya=\dimen130
\pgf@yb=\dimen131
\pgf@yc=\dimen132
\c@pgf@counta=\count121
\c@pgf@countb=\count122
\c@pgf@countc=\count123
\c@pgf@countd=\count124
\pgfutil@tempcnta=\count125
\pgfutil@tempcntb=\count126
)
(C:\Users\Jonathan\AppData\Roaming\MiKTeX\2.9\tex\generic\pgf\math\pgfmathparse
r.code.tex
\pgfmath@dimen=\dimen133
\pgfmath@count=\count127
\pgfmath@box=\box30
\pgfmath@toks=\toks42
\pgfmath@stack@operand=\toks43
\pgfmath@stack@operation=\toks44
)
(C:\Users\Jonathan\AppData\Roaming\MiKTeX\2.9\tex\generic\pgf\math\pgfmathfunct
ions.code.tex
(C:\Users\Jonathan\AppData\Roaming\MiKTeX\2.9\tex\generic\pgf\math\pgfmathfunct
ions.basic.code.tex)
(C:\Users\Jonathan\AppData\Roaming\MiKTeX\2.9\tex\generic\pgf\math\pgfmathfunct
ions.trigonometric.code.tex)
(C:\Users\Jonathan\AppData\Roaming\MiKTeX\2.9\tex\generic\pgf\math\pgfmathfunct
ions.random.code.tex)
(C:\Users\Jonathan\AppData\Roaming\MiKTeX\2.9\tex\generic\pgf\math\pgfmathfunct
ions.comparison.code.tex)
(C:\Users\Jonathan\AppData\Roaming\MiKTeX\2.9\tex\generic\pgf\math\pgfmathfunct
ions.base.code.tex)
(C:\Users\Jonathan\AppData\Roaming\MiKTeX\2.9\tex\generic\pgf\math\pgfmathfunct
ions.round.code.tex)
(C:\Users\Jonathan\AppData\Roaming\MiKTeX\2.9\tex\generic\pgf\math\pgfmathfunct
ions.misc.code.tex)
(C:\Users\Jonathan\AppData\Roaming\MiKTeX\2.9\tex\generic\pgf\math\pgfmathfunct
ions.integerarithmetics.code.tex)))
(C:\Users\Jonathan\AppData\Roaming\MiKTeX\2.9\tex\generic\pgf\math\pgfmathfloat
.code.tex
\c@pgfmathroundto@lastzeros=\count128
))
\pgffor@iter=\dimen134
\pgffor@skip=\dimen135
\pgffor@stack=\toks45
\pgffor@toks=\toks46
)
\psLoopIndex=\count129

`PSTricks' v2.62  <2015/07/25> (tvz)
\pst@dima=\dimen136
\pst@dimb=\dimen137
\pst@dimc=\dimen138
\pst@dimd=\dimen139
\pst@dimg=\dimen140
\pst@dimh=\dimen141
\pst@dimm=\dimen142
\pst@dimn=\dimen143
\pst@dimo=\dimen144
\pst@dimp=\dimen145
\pst@hbox=\box31
\pst@ibox=\box32
\pst@boxg=\box33
\pst@cnta=\count130
\pst@cntb=\count131
\pst@cntc=\count132
\pst@cntd=\count133
\pst@cntg=\count134
\pst@cnth=\count135
\pst@cntm=\count136
\pst@cntn=\count137
\pst@cnto=\count138
\pst@cntp=\count139
\@zero=\count140
\pst@toks=\toks47
("F:\Programs (x86)\MiKTeX 2.9\tex\generic\pstricks\base\pstricks.con")
\psunit=\dimen146
\psxunit=\dimen147
\psyunit=\dimen148
\pst@C@@rType=\count141
\pslinewidth=\dimen149
\psk@startLW=\dimen150
\psk@endLW=\dimen151
\pst@customdefs=\toks48
\pslinearc=\dimen152
\pst@symbolStep=\dimen153
\pst@symbolWidth=\dimen154
\pst@symbolLinewidth=\dimen155
\everypsbox=\toks49
\psframesep=\dimen156
\pslabelsep=\dimen157
\sh@wgridXunit=\dimen158
\sh@wgridYunit=\dimen159
\pst@shift=\dimen160
)
File: pstricks.tex 2015/07/25 v2.62 `PSTricks' (tvz,hv)

("F:\Programs (x86)\MiKTeX 2.9\tex\generic\pstricks\base\pst-fp.tex")
File: pst-fp.tex 2015/07/25 v2.62 `PST-fp' (hv)

(C:\Users\Jonathan\AppData\Roaming\MiKTeX\2.9\tex\latex\xcolor\xcolor.sty
Package: xcolor 2007/01/21 v2.11 LaTeX color extensions (UK)

("F:\Programs (x86)\MiKTeX 2.9\tex\latex\00miktex\color.cfg"
File: color.cfg 2007/01/18 v1.5 color configuration of teTeX/TeXLive
)
Package xcolor Info: Driver file: pdftex.def on input line 225.
Package xcolor Info: Model `cmy' substituted by `cmy0' on input line 1337.
Package xcolor Info: Model `hsb' substituted by `rgb' on input line 1341.
Package xcolor Info: Model `RGB' extended on input line 1353.
Package xcolor Info: Model `HTML' substituted by `rgb' on input line 1355.
Package xcolor Info: Model `Hsb' substituted by `hsb' on input line 1356.
Package xcolor Info: Model `tHsb' substituted by `hsb' on input line 1357.
Package xcolor Info: Model `HSB' substituted by `hsb' on input line 1358.
Package xcolor Info: Model `Gray' substituted by `gray' on input line 1359.
Package xcolor Info: Model `wave' substituted by `hsb' on input line 1360.
))
\ppf@output=\toks50

(C:\Users\Jonathan\AppData\Roaming\MiKTeX\2.9\tex\latex\preview\preview.sty
Package: preview 2010/02/14 11.88 (AUCTeX/preview-latex)
\pr@snippet=\count142
\pr@box=\box34
\pr@output=\toks51
)
("F:\Programs (x86)\MiKTeX 2.9\tex\latex\graphics\dvips.def"
File: dvips.def 2014/10/14 v3.0j Driver-dependent file (DPC,SPQR)
)
(C:\Users\Jonathan\AppData\Roaming\MiKTeX\2.9\tex\latex\environ\environ.sty
Package: environ 2014/05/04 v0.3 A new way to define environments

(C:\Users\Jonathan\AppData\Roaming\MiKTeX\2.9\tex\latex\trimspaces\trimspaces.s
ty
Package: trimspaces 2009/09/17 v1.1 Trim spaces around a token list
))))
(C:\Users\Jonathan\AppData\Roaming\MiKTeX\2.9\tex\latex\caption\caption.sty
Package: caption 2015/09/17 v3.3-111 Customizing captions (AR)

(C:\Users\Jonathan\AppData\Roaming\MiKTeX\2.9\tex\latex\caption\caption3.sty
Package: caption3 2015/09/20 v1.7-115 caption3 kernel (AR)
Package caption3 Info: TeX engine: e-TeX on input line 57.
\captionmargin=\dimen161
\captionmargin@=\dimen162
\captionwidth=\dimen163
\caption@tempdima=\dimen164
\caption@indent=\dimen165
\caption@parindent=\dimen166
\caption@hangindent=\dimen167
\abovecaptionskip=\skip44
\belowcaptionskip=\skip45
Package caption Info: Unknown document class (or package),
(caption)             standard defaults will be used.
)

Package caption Warning: Unsupported document class (or package) detected,
(caption)                usage of the caption package is not recommended.
See the caption package documentation for explanation.

Package caption Info: \@makecaption = \long macro:#1#2-> \vskip \baselineskip \
setbox \@tempboxa \hbox {\textbf {#1: #2}} \ifdim \wd \@tempboxa >\hsize \textb
f {#1: #2}\par \else \hbox to\hsize {\hfil \box \@tempboxa \hfil }\par \fi .
\c@ContinuedFloat=\count143
) ("F:\Programs (x86)\MiKTeX 2.9\tex\latex\tools\array.sty"
Package: array 2014/10/28 v2.4c Tabular extension package (FMi)
\col@sep=\dimen168
\extrarowheight=\dimen169
\NC@list=\toks52
\extratabsurround=\skip46
\backup@length=\skip47
)
(C:\Users\Jonathan\AppData\Roaming\MiKTeX\2.9\tex\latex\algorithms\algorithm.st
y
Package: algorithm 2009/08/24 v0.1 Document Style `algorithm' - floating enviro
nment
 ("F:\Programs (x86)\MiKTeX 2.9\tex\latex\float\float.sty"
Package: float 2001/11/08 v1.3d Float enhancements (AL)
\c@float@type=\count144
\float@exts=\toks53
\float@box=\box35
\@float@everytoks=\toks54
\@floatcapt=\box36
)
("F:\Programs (x86)\MiKTeX 2.9\tex\latex\base\ifthen.sty"
Package: ifthen 2014/09/29 v1.1c Standard LaTeX ifthen package (DPC)
)
\@float@every@algorithm=\toks55
\c@algorithm=\count145
)
(C:\Users\Jonathan\AppData\Roaming\MiKTeX\2.9\tex\latex\algorithmicx\algpseudoc
ode.sty
Package: algpseudocode 

(C:\Users\Jonathan\AppData\Roaming\MiKTeX\2.9\tex\latex\algorithmicx\algorithmi
cx.sty
Package: algorithmicx 2005/04/27 v1.2 Algorithmicx

Document Style algorithmicx 1.2 - a greatly improved `algorithmic' style
\c@ALG@line=\count146
\c@ALG@rem=\count147
\c@ALG@nested=\count148
\ALG@tlm=\skip48
\ALG@thistlm=\skip49
\c@ALG@Lnr=\count149
\c@ALG@blocknr=\count150
\c@ALG@storecount=\count151
\c@ALG@tmpcounter=\count152
\ALG@tmplength=\skip50
)
Document Style - pseudocode environments for use with the `algorithmicx' style
) (MidtermReport.aux)
LaTeX Font Info:    Checking defaults for OML/cmm/m/it on input line 13.
LaTeX Font Info:    ... okay on input line 13.
LaTeX Font Info:    Checking defaults for T1/cmr/m/n on input line 13.
LaTeX Font Info:    ... okay on input line 13.
LaTeX Font Info:    Checking defaults for OT1/cmr/m/n on input line 13.
LaTeX Font Info:    ... okay on input line 13.
LaTeX Font Info:    Checking defaults for OMS/cmsy/m/n on input line 13.
LaTeX Font Info:    ... okay on input line 13.
LaTeX Font Info:    Checking defaults for OMX/cmex/m/n on input line 13.
LaTeX Font Info:    ... okay on input line 13.
LaTeX Font Info:    Checking defaults for U/cmr/m/n on input line 13.
LaTeX Font Info:    ... okay on input line 13.

(C:\Users\Jonathan\AppData\Roaming\MiKTeX\2.9\tex\context\base\supp-pdf.mkii
[Loading MPS to PDF converter (version 2006.09.02).]
\scratchcounter=\count153
\scratchdimen=\dimen170
\scratchbox=\box37
\nofMPsegments=\count154
\nofMParguments=\count155
\everyMPshowfont=\toks56
\MPscratchCnt=\count156
\MPscratchDim=\dimen171
\MPnumerator=\count157
\makeMPintoPDFobject=\count158
\everyMPtoPDFconversion=\toks57
)
Preview: Fontsize 9pt
Preview: PDFoutput 1
Package caption Info: Begin \AtBeginDocument code.
Package caption Info: float package is loaded.
Package caption Info: End \AtBeginDocument code.
LaTeX Font Info:    Try loading font information for U+msa on input line 28.
("F:\Programs (x86)\MiKTeX 2.9\tex\latex\amsfonts\umsa.fd"
File: umsa.fd 2013/01/14 v3.01 AMS symbols A
)
LaTeX Font Info:    Try loading font information for U+msb on input line 28.

("F:\Programs (x86)\MiKTeX 2.9\tex\latex\amsfonts\umsb.fd"
File: umsb.fd 2013/01/14 v3.01 AMS symbols B
)
LaTeX Font Info:    Try loading font information for U+lasy on input line 28.

("F:\Programs (x86)\MiKTeX 2.9\tex\latex\base\ulasy.fd"
File: ulasy.fd 1998/08/17 v2.2e LaTeX symbol font definitions
)
<Includes/ExampleAutoencoder.png, id=1, 301.125pt x 335.00156pt>
File: Includes/ExampleAutoencoder.png Graphic file (type png)

<use Includes/ExampleAutoencoder.png>
Package pdftex.def Info: Includes/ExampleAutoencoder.png used on input line 49.

(pdftex.def)             Requested size: 240.90031pt x 268.0016pt.

Overfull \hbox (0.90031pt too wide) in paragraph at lines 49--51
 [][] 
 []

[1{C:/Users/Jonathan/AppData/Local/MiKTeX/2.9/pdftex/config/pdftex.map}


Non-PDF special ignored!
Non-PDF special ignored!
Non-PDF special ignored!

 <./Includes/ExampleAutoencoder.png>]
Overfull \hbox (3.62485pt too wide) in paragraph at lines 61--62
\T1/aer/m/n/9 uniquely iden-tify each struc-tural in-no-va-tion. His-tor-i-cal 
mark-
 []

<Includes/StateSpaceSandwichSubstrate.png, id=11, 197.98969pt x 219.06844pt>
File: Includes/StateSpaceSandwichSubstrate.png Graphic file (type png)

<use Includes/StateSpaceSandwichSubstrate.png>
Package pdftex.def Info: Includes/StateSpaceSandwichSubstrate.png used on input
 line 73.
(pdftex.def)             Requested size: 158.39195pt x 175.25497pt.


LaTeX Warning: `h' float specifier changed to `ht'.


<Includes/SubstrateConfiguration/AutoencoderSubstrate.pdf, id=12, 371.02617pt x
 542.27092pt>
File: Includes/SubstrateConfiguration/AutoencoderSubstrate.pdf Graphic file (ty
pe pdf)
 <use Includes/SubstrateConfiguration/AutoencoderSubstrate.pdf>
Package pdftex.def Info: Includes/SubstrateConfiguration/AutoencoderSubstrate.p
df used on input line 87.
(pdftex.def)             Requested size: 204.06502pt x 298.24992pt.


LaTeX Warning: `h' float specifier changed to `ht'.

[2 <./Includes/StateSpaceSandwichSubstrate.png>]
<Includes/MinimalCppn/MinimalCppn.pdf, id=16, 331.81667pt x 221.39111pt>
File: Includes/MinimalCppn/MinimalCppn.pdf Graphic file (type pdf)

<use Includes/MinimalCppn/MinimalCppn.pdf>
Package pdftex.def Info: Includes/MinimalCppn/MinimalCppn.pdf used on input lin
e 100.
(pdftex.def)             Requested size: 265.45367pt x 177.11311pt.

Overfull \hbox (25.45367pt too wide) in paragraph at lines 100--102
 [][] 
 []


LaTeX Warning: `h' float specifier changed to `ht'.


Underfull \vbox (badness 10000) has occurred while \output is active []

LaTeX Font Info:    Try loading font information for T1+aett on input line 111.


("F:\Programs (x86)\MiKTeX 2.9\tex\latex\ae\t1aett.fd"
File: t1aett.fd 1997/11/16 Font definitions for T1/aett.
)
Overfull \hbox (1.03961pt too wide) in paragraph at lines 131--132
[]\T1/aer/m/n/9 In this way, Hy-per-NEAT is gen-er-at-ing the au-toen-coder sta
rt-
 []

[3 <./Includes/SubstrateConfiguration/AutoencoderSubstrate.pdf> <./Includes/Min
imalCppn/MinimalCppn.pdf>]
Overfull \hbox (1.99234pt too wide) in paragraph at lines 144--144
 []|\T1/aer/bx/n/8 Reconstructed| 
 []

<Includes/One_Source_Training_Index30.png, id=51, 84.315pt x 85.06781pt>
File: Includes/One_Source_Training_Index30.png Graphic file (type png)

<use Includes/One_Source_Training_Index30.png>
Package pdftex.def Info: Includes/One_Source_Training_Index30.png used on input
 line 146.
(pdftex.def)             Requested size: 42.15738pt x 42.5338pt.

<Includes/One_Reconstructed_Training_Index30.png, id=52, 84.315pt x 83.5622pt>
File: Includes/One_Reconstructed_Training_Index30.png Graphic file (type png)

<use Includes/One_Reconstructed_Training_Index30.png>
Package pdftex.def Info: Includes/One_Reconstructed_Training_Index30.png used o
n input line 146.
(pdftex.def)             Requested size: 42.15738pt x 41.78099pt.

<Includes/One_Source_Training_Index60.png, id=53, 82.80937pt x 84.315pt>
File: Includes/One_Source_Training_Index60.png Graphic file (type png)

<use Includes/One_Source_Training_Index60.png>
Package pdftex.def Info: Includes/One_Source_Training_Index60.png used on input
 line 147.
(pdftex.def)             Requested size: 41.40457pt x 42.15738pt.

<Includes/One_Reconstructed_Training_Index60.png, id=54, 87.32625pt x 86.57344p
t>
File: Includes/One_Reconstructed_Training_Index60.png Graphic file (type png)
 <use Includes/One_Reconstructed_Training_Index60.png>
Package pdftex.def Info: Includes/One_Reconstructed_Training_Index60.png used o
n input line 147.
(pdftex.def)             Requested size: 43.66301pt x 43.2866pt.

<Includes/One_Source_Validation_Index85.png, id=55, 84.315pt x 85.82062pt>
File: Includes/One_Source_Validation_Index85.png Graphic file (type png)

<use Includes/One_Source_Validation_Index85.png>
Package pdftex.def Info: Includes/One_Source_Validation_Index85.png used on inp
ut line 148.
(pdftex.def)             Requested size: 42.15738pt x 42.91019pt.

<Includes/One_Reconstructed_Validation_Index85.png, id=56, 82.80937pt x 84.315p
t>
File: Includes/One_Reconstructed_Validation_Index85.png Graphic file (type png)

 <use Includes/One_Reconstructed_Validation_Index85.png>
Package pdftex.def Info: Includes/One_Reconstructed_Validation_Index85.png used
 on input line 148.
(pdftex.def)             Requested size: 41.40457pt x 42.15738pt.

<Includes/One_Source_Validation_Index95.png, id=57, 83.5622pt x 84.315pt>
File: Includes/One_Source_Validation_Index95.png Graphic file (type png)

<use Includes/One_Source_Validation_Index95.png>
Package pdftex.def Info: Includes/One_Source_Validation_Index95.png used on inp
ut line 149.
(pdftex.def)             Requested size: 41.78099pt x 42.15738pt.

<Includes/One_Reconstructed_Validation_Index95.png, id=58, 85.82062pt x 84.315p
t>
File: Includes/One_Reconstructed_Validation_Index95.png Graphic file (type png)

 <use Includes/One_Reconstructed_Validation_Index95.png>
Package pdftex.def Info: Includes/One_Reconstructed_Validation_Index95.png used
 on input line 149.
(pdftex.def)             Requested size: 42.91019pt x 42.15738pt.

Overfull \hbox (2.36919pt too wide) in paragraph at lines 142--152
 [][] 
 []


Overfull \hbox (1.20549pt too wide) in paragraph at lines 162--162
[]|\T1/aer/bx/n/8 Value| 
 []


LaTeX Warning: `h' float specifier changed to `ht'.

<Includes/NeatStartingState.png, id=59, 1445.4pt x 782.925pt>
File: Includes/NeatStartingState.png Graphic file (type png)

<use Includes/NeatStartingState.png>
Package pdftex.def Info: Includes/NeatStartingState.png used on input line 209.

(pdftex.def)             Requested size: 245.71475pt x 133.09549pt.

Overfull \hbox (5.71475pt too wide) in paragraph at lines 209--211
 [][] 
 []

<Includes/NeatEvolvedState.png, id=60, 1445.4pt x 782.925pt>
File: Includes/NeatEvolvedState.png Graphic file (type png)

<use Includes/NeatEvolvedState.png>
Package pdftex.def Info: Includes/NeatEvolvedState.png used on input line 216.
(pdftex.def)             Requested size: 245.71475pt x 133.09549pt.

Overfull \hbox (5.71475pt too wide) in paragraph at lines 216--218
 [][] 
 []


LaTeX Warning: `h' float specifier changed to `ht'.

[4 <./Includes/One_Source_Training_Index30.png> <./Includes/One_Reconstructed_T
raining_Index30.png> <./Includes/One_Source_Training_Index60.png> <./Includes/O
ne_Reconstructed_Training_Index60.png> <./Includes/One_Source_Validation_Index8
5.png> <./Includes/One_Reconstructed_Validation_Index85.png> <./Includes/One_So
urce_Validation_Index95.png> <./Includes/One_Reconstructed_Validation_Index95.p
ng> <./Includes/NeatStartingState.png>]
Overfull \hbox (3.08328pt too wide) in paragraph at lines 230--231
\T1/aer/m/n/9 CHO-SEN PROB-A-BILIS-TI-CALLY AND FUNC-TIONS ARE
 []

<Includes/MinimallyConnectedCPPN.png, id=69, 666.99188pt x 569.12625pt>
File: Includes/MinimallyConnectedCPPN.png Graphic file (type png)

<use Includes/MinimallyConnectedCPPN.png>
Package pdftex.def Info: Includes/MinimallyConnectedCPPN.png used on input line
 235.
(pdftex.def)             Requested size: 200.0991pt x 170.73918pt.

<Includes/FitnessOverGenerations.png, id=71, 1440.88312pt x 764.10469pt>
File: Includes/FitnessOverGenerations.png Graphic file (type png)

<use Includes/FitnessOverGenerations.png>
Package pdftex.def Info: Includes/FitnessOverGenerations.png used on input line
 242.
(pdftex.def)             Requested size: 244.94688pt x 129.89607pt.

Overfull \hbox (4.94688pt too wide) in paragraph at lines 242--244
 [][] 
 []

[5 <./Includes/NeatEvolvedState.png> <./Includes/MinimallyConnectedCPPN.png> <.
/Includes/FitnessOverGenerations.png>]
Overfull \hbox (3.22171pt too wide) in paragraph at lines 254--255
[]\T1/aer/m/n/9 The num-ber of
 []


Overfull \hbox (3.58951pt too wide) in paragraph at lines 255--256
\T1/aer/m/n/9 im-ages that are half the res-o-lu-tion of the orig-i-nal. These
 []

(MidtermReport.bbl
** WARNING: IEEEtran.bst: No hyphenation pattern has been
** loaded for the language `English'. Using the pattern for
** the default language instead.
** WARNING: IEEEtran.bst: No hyphenation pattern has been
** loaded for the language `English'. Using the pattern for
** the default language instead.

Overfull \hbox (59.02759pt too wide) in paragraph at lines 60--64
\T1/aer/m/n/9 http://ufldl.stanford.edu/wiki/index.php/Autoencoders_and_Sparsit
y  
 []

) [6] (MidtermReport.aux)

LaTeX Warning: Label(s) may have changed. Rerun to get cross-references right.

 ) 
Here is how much of TeX's memory you used:
 12059 strings out of 493673
 205628 string characters out of 3143546
 273310 words of memory out of 3000000
 15132 multiletter control sequences out of 15000+200000
 60679 words of font info for 89 fonts, out of 3000000 for 9000
 1025 hyphenation exceptions out of 8191
 53i,16n,92p,882b,490s stack positions out of 5000i,500n,10000p,200000b,50000s
{F:/Programs (x86)/MiKTeX 2.9/fonts/enc/dvips/fontname/8r.enc}<F:/Programs (x
86)/MiKTeX 2.9/fonts/type1/public/amsfonts/cm/cmbx8.pfb><F:/Programs (x86)/MiKT
eX 2.9/fonts/type1/public/amsfonts/cm/cmbx9.pfb><F:/Programs (x86)/MiKTeX 2.9/f
onts/type1/public/amsfonts/cm/cmcsc10.pfb><F:/Programs (x86)/MiKTeX 2.9/fonts/t
ype1/public/amsfonts/cm/cmmi10.pfb><F:/Programs (x86)/MiKTeX 2.9/fonts/type1/pu
blic/amsfonts/cm/cmmi7.pfb><F:/Programs (x86)/MiKTeX 2.9/fonts/type1/public/ams
fonts/cm/cmmi9.pfb><F:/Programs (x86)/MiKTeX 2.9/fonts/type1/public/amsfonts/cm
/cmr10.pfb><F:/Programs (x86)/MiKTeX 2.9/fonts/type1/public/amsfonts/cm/cmr7.pf
b><F:/Programs (x86)/MiKTeX 2.9/fonts/type1/public/amsfonts/cm/cmr8.pfb><F:/Pro
grams (x86)/MiKTeX 2.9/fonts/type1/public/amsfonts/cm/cmr9.pfb><F:/Programs (x8
6)/MiKTeX 2.9/fonts/type1/public/amsfonts/cm/cmsy7.pfb><F:/Programs (x86)/MiKTe
X 2.9/fonts/type1/public/amsfonts/cm/cmsy9.pfb><F:/Programs (x86)/MiKTeX 2.9/fo
nts/type1/public/amsfonts/cm/cmti9.pfb><F:/Programs (x86)/MiKTeX 2.9/fonts/type
1/public/amsfonts/cm/cmtt9.pfb><F:/Programs (x86)/MiKTeX 2.9/fonts/type1/urw/he
lvetic/uhvb8a.pfb><F:/Programs (x86)/MiKTeX 2.9/fonts/type1/urw/helvetic/uhvr8a
.pfb><F:/Programs (x86)/MiKTeX 2.9/fonts/type1/urw/times/utmb8a.pfb>
Output written on MidtermReport.pdf (6 pages, 2852169 bytes).
PDF statistics:
 124 PDF objects out of 1000 (max. 8388607)
 0 named destinations out of 1000 (max. 500000)
 81 words of extra memory for PDF output out of 10000 (max. 10000000)

